Programacion_multimedia_y_dispositivos_moviles/Practicas/PMDDMM_EVAL1_Javier_Rodriguez_Montero/app/build/intermediates/manifest_merge_blame_file/debug/manifest-merger-blame-debug-report.txt
1<?xml version="1.0" encoding="utf-8"?>
2<manifest xmlns:android="http://schemas.android.com/apk/res/android"
3    package="com.example.pmddmm_eval1_javier_rodriguez_montero"
4    android:versionCode="1"
5    android:versionName="1.0" >
6
7    <uses-sdk
8        android:minSdkVersion="21"
8-->src/main/AndroidManifest.xml
9        android:targetSdkVersion="29" />
9-->src/main/AndroidManifest.xml
10
11    <uses-permission android:name="android.permission.INTERNET" />
11-->src/main/AndroidManifest.xml:5:5-67
11-->src/main/AndroidManifest.xml:5:22-64
12
13    <application
13-->src/main/AndroidManifest.xml:8:5-31:19
14        android:allowBackup="true"
14-->src/main/AndroidManifest.xml:9:9-35
15        android:appComponentFactory="androidx.core.app.CoreComponentFactory"
15-->[androidx.core:core:1.2.0] AndroidManifest.xml:24:18-86
16        android:debuggable="true"
17        android:icon="@mipmap/ic_launcher"
17-->src/main/AndroidManifest.xml:10:9-43
18        android:label="@string/app_name"
18-->src/main/AndroidManifest.xml:11:9-41
19        android:roundIcon="@mipmap/ic_launcher_round"
19-->src/main/AndroidManifest.xml:12:9-54
20        android:supportsRtl="true"
20-->src/main/AndroidManifest.xml:13:9-35
21        android:testOnly="true"
22        android:theme="@style/AppTheme" >
22-->src/main/AndroidManifest.xml:14:9-40
23        <activity
23-->src/main/AndroidManifest.xml:15:9-23:20
24            android:name="com.example.pmddmm_eval1_javier_rodriguez_montero.SplashActivity"
24-->src/main/AndroidManifest.xml:16:13-43
25            android:theme="@android:style/Theme.Black.NoTitleBar.Fullscreen" >
25-->src/main/AndroidManifest.xml:17:13-77
26            <intent-filter>
26-->src/main/AndroidManifest.xml:18:13-22:29
27                <action android:name="android.intent.action.MAIN" />
27-->src/main/AndroidManifest.xml:19:17-69
27-->src/main/AndroidManifest.xml:19:25-66
28
29                <category android:name="android.intent.category.LAUNCHER" />
29-->src/main/AndroidManifest.xml:21:17-77
29-->src/main/AndroidManifest.xml:21:27-74
30            </intent-filter>
31        </activity>
32        <activity android:name="com.example.pmddmm_eval1_javier_rodriguez_montero.MainActivity" />
32-->src/main/AndroidManifest.xml:24:9-50
32-->src/main/AndroidManifest.xml:24:19-47
33        <activity android:name="com.example.pmddmm_eval1_javier_rodriguez_montero.FormularioReservaActivity" />
33-->src/main/AndroidManifest.xml:25:9-63
33-->src/main/AndroidManifest.xml:25:19-60
34        <activity android:name="com.example.pmddmm_eval1_javier_rodriguez_montero.WebViewActivity" />
34-->src/main/AndroidManifest.xml:26:9-53
34-->src/main/AndroidManifest.xml:26:19-50
35
36        <meta-data
36-->src/main/AndroidManifest.xml:28:9-30:57
37            android:name="preloaded_fonts"
37-->src/main/AndroidManifest.xml:29:13-43
38            android:resource="@array/preloaded_fonts" />
38-->src/main/AndroidManifest.xml:30:13-54
39    </application>
40
41</manifest>